#
# A fatal error has been detected by the Java Runtime Environment:
#
#  EXCEPTION_ACCESS_VIOLATION (0xc0000005) at pc=0x00007ff87b0ead1b, pid=4236, tid=25552
#
# JRE version: OpenJDK Runtime Environment Zulu17.36+13-CA (17.0.4+8) (build 17.0.4+8-LTS)
# Java VM: OpenJDK 64-Bit Server VM Zulu17.36+13-CA (17.0.4+8-LTS, mixed mode, sharing, tiered, compressed oops, compressed class ptrs, g1 gc, windows-amd64)
# Problematic frame:
# V  [jvm.dll+0x65ad1b]
#
# No core dump will be written. Minidumps are not enabled by default on client versions of Windows
#
# If you would like to submit a bug report, please visit:
#   http://www.azul.com/support/
#

---------------  S U M M A R Y ------------

Command Line: -javaagent:C:\Program Files\JetBrains\IntelliJ IDEA Community Edition 2024.2.0.1\lib\idea_rt.jar=54502:C:\Program Files\JetBrains\IntelliJ IDEA Community Edition 2024.2.0.1\bin -Dfile.encoding=UTF-8 com.ankur.OnlineShoppingApp.OnlineShoppingAppApplication

Host: Intel(R) Core(TM) i5-7200U CPU @ 2.50GHz, 4 cores, 11G,  Windows 10 , 64 bit Build 19041 (10.0.19041.5794)
Time: Sun Jun  1 01:04:59 2025 India Standard Time elapsed time: 260.227131 seconds (0d 0h 4m 20s)

---------------  T H R E A D  ---------------

Current thread (0x000002d41c48a6f0):  JavaThread "C2 CompilerThread1" daemon [_thread_in_native, id=25552, stack(0x000000e135d00000,0x000000e135e00000)]


Current CompileTask:
C2: 260227 7291       4       org.springframework.core.annotation.AnnotatedElementUtils::getMergedAnnotationAttributes (22 bytes)

Stack: [0x000000e135d00000,0x000000e135e00000],  sp=0x000000e135dfb5a0,  free space=1005k
Native frames: (J=compiled Java code, j=interpreted, Vv=VM code, C=native code)
V  [jvm.dll+0x65ad1b]
V  [jvm.dll+0x332501]
V  [jvm.dll+0x333d99]
V  [jvm.dll+0x33175a]
V  [jvm.dll+0x330e0a]
V  [jvm.dll+0x2189d1]
V  [jvm.dll+0x217df1]
V  [jvm.dll+0x1a432d]
V  [jvm.dll+0x227788]
V  [jvm.dll+0x2258e5]
V  [jvm.dll+0x7ed9bc]
V  [jvm.dll+0x7e7f0a]
V  [jvm.dll+0x67b635]
C  [ucrtbase.dll+0x21bb2]
C  [KERNEL32.DLL+0x17374]
C  [ntdll.dll+0x4cc91]


siginfo: EXCEPTION_ACCESS_VIOLATION (0xc0000005), reading address 0xffffffff00000028


Register to memory mapping:

RIP=0x00007ff87b0ead1b jvm.dll
RAX=0xffffffff00000000 is an unknown value
RBX=0x000002d41d75e518 points into unknown readable memory: 0x00007ff87b3ab6d8 | d8 b6 3a 7b f8 7f 00 00
RCX=0x000002d41d75ed18 points into unknown readable memory: 0xffffffff00000000 | 00 00 00 00 ff ff ff ff
RDX=0x0000000000000028 is an unknown value
RSP=0x000000e135dfb5a0 is pointing into the stack for thread: 0x000002d41c48a6f0
RBP=0x000000e135dfb6d0 is pointing into the stack for thread: 0x000002d41c48a6f0
RSI=0x000000e135dfbc60 is pointing into the stack for thread: 0x000002d41c48a6f0
RDI=0x0000000000000016 is an unknown value
R8 =0x0000000000000016 is an unknown value
R9 =0x0 is NULL
R10=0x00007ff8b9a20000 VCRUNTIME140.dll
R11=0x000002d41bbb6760 points into unknown readable memory: 0x000002d41f2673b0 | b0 73 26 1f d4 02 00 00
R12=0x000002d41d73b700 points into unknown readable memory: 0x00007ff87b3b0330 | 30 03 3b 7b f8 7f 00 00
R13=0x000002d41d73b700 points into unknown readable memory: 0x00007ff87b3b0330 | 30 03 3b 7b f8 7f 00 00
R14=0x000002d41a0a4cb8 points into unknown readable memory: 0x00007ff87b34a2a8 | a8 a2 34 7b f8 7f 00 00
R15=0x000002d421edaf68 points into unknown readable memory: 0x00007ff87b34a2a8 | a8 a2 34 7b f8 7f 00 00


Registers:
RAX=0xffffffff00000000, RBX=0x000002d41d75e518, RCX=0x000002d41d75ed18, RDX=0x0000000000000028
RSP=0x000000e135dfb5a0, RBP=0x000000e135dfb6d0, RSI=0x000000e135dfbc60, RDI=0x0000000000000016
R8 =0x0000000000000016, R9 =0x0000000000000000, R10=0x00007ff8b9a20000, R11=0x000002d41bbb6760
R12=0x000002d41d73b700, R13=0x000002d41d73b700, R14=0x000002d41a0a4cb8, R15=0x000002d421edaf68
RIP=0x00007ff87b0ead1b, EFLAGS=0x0000000000010202

Top of Stack: (sp=0x000000e135dfb5a0)
0x000000e135dfb5a0:   0000000000000040 000000e135dfb610
0x000000e135dfb5b0:   000000e100000000 000002d41d73b700
0x000000e135dfb5c0:   000002d41d75e518 00007ff87adc2501
0x000000e135dfb5d0:   0000000000000040 000002d41f267a48
0x000000e135dfb5e0:   000002d41d75e518 000000e135dfbc60
0x000000e135dfb5f0:   000002d419690000 000000e135dfbc60
0x000000e135dfb600:   000002d41a0a4cb8 0000000000000000
0x000000e135dfb610:   000002d419d72220 0000000000000080
0x000000e135dfb620:   000002d41bbb6560 00007ff800000028
0x000000e135dfb630:   000002d419d72220 0000000000000080
0x000000e135dfb640:   000002d41bbb6160 00007ff800000028
0x000000e135dfb650:   000002d419d72220 00007ff800000004
0x000000e135dfb660:   000002d41bbb59a0 000002d400000001
0x000000e135dfb670:   0000000000000016 0000000000000e53
0x000000e135dfb680:   000002d419d72220 0000000000000004
0x000000e135dfb690:   000002d41bbb59c0 00007ff800000000 

Instructions: (pc=0x00007ff87b0ead1b)
0x00007ff87b0eac1b:   00 00 48 8b 48 28 48 8b 01 ff 90 c0 00 00 00 41
0x00007ff87b0eac2b:   ff c6 45 3b 75 18 0f 82 b9 fd ff ff 44 89 bc 24
0x00007ff87b0eac3b:   e0 00 00 00 4c 8b b4 24 d8 00 00 00 49 8b d5 49
0x00007ff87b0eac4b:   8b 4e 10 e8 3d 7d bc ff eb 0b 41 8b ee 4c 8b b4
0x00007ff87b0eac5b:   24 d8 00 00 00 48 8b 4c 24 30 85 ed 0f 85 93 f8
0x00007ff87b0eac6b:   ff ff 48 8b 7c 24 60 4c 8b bc 24 88 00 00 00 4c
0x00007ff87b0eac7b:   8b ac 24 90 00 00 00 4c 8b a4 24 98 00 00 00 48
0x00007ff87b0eac8b:   83 3f 00 48 8b b4 24 a0 00 00 00 48 8b ac 24 a8
0x00007ff87b0eac9b:   00 00 00 48 8b 5c 24 48 74 15 48 8b 54 24 68 48
0x00007ff87b0eacab:   8b cb e8 be 1a a5 ff 48 8b cf e8 26 1a a5 ff 48
0x00007ff87b0eacbb:   8b 44 24 70 48 89 43 18 48 8b 44 24 78 48 89 43
0x00007ff87b0eaccb:   20 48 89 7b 10 48 8b 9c 24 b0 00 00 00 48 81 c4
0x00007ff87b0eacdb:   b8 00 00 00 41 5e 5f c3 cc cc cc cc cc cc cc cc
0x00007ff87b0eaceb:   cc cc cc cc cc 8b c2 c3 cc cc cc cc cc cc cc cc
0x00007ff87b0eacfb:   cc cc cc cc cc 48 83 ec 28 83 79 18 02 72 20 f6
0x00007ff87b0ead0b:   41 30 04 74 1a 48 8b 41 08 48 8b 48 08 48 8b 01
0x00007ff87b0ead1b:   ff 50 28 48 8b c8 48 83 c4 28 e9 06 05 1a 00 32
0x00007ff87b0ead2b:   c0 48 83 c4 28 c3 cc cc cc cc cc cc cc cc cc cc
0x00007ff87b0ead3b:   cc cc cc cc cc 48 83 ec 28 ba fc 08 00 00 48 8d
0x00007ff87b0ead4b:   0d f8 d5 34 00 e8 6b e3 be ff e8 c6 15 02 00 48
0x00007ff87b0ead5b:   8d 05 4f 3d 4d 00 48 83 c4 28 c3 cc cc cc cc cc
0x00007ff87b0ead6b:   cc cc cc cc cc 48 89 5c 24 10 48 89 6c 24 18 56
0x00007ff87b0ead7b:   48 83 ec 30 65 48 8b 04 25 58 00 00 00 8b ea 44
0x00007ff87b0ead8b:   8b 05 67 9e 56 00 48 8b f1 4a 8b 1c c0 b8 50 00
0x00007ff87b0ead9b:   00 00 80 3c 18 00 75 05 e8 14 8d 23 00 b8 20 00
0x00007ff87b0eadab:   00 00 48 8b 04 18 48 8b 90 d8 04 00 00 8b 46 24
0x00007ff87b0eadbb:   48 8b 9a 80 00 00 00 48 81 c3 70 02 00 00 85 c0
0x00007ff87b0eadcb:   75 6e c7 46 24 04 00 00 00 48 8b 43 18 48 83 f8
0x00007ff87b0eaddb:   df 76 18 4c 8d 05 ab c8 2b 00 ba 20 00 00 00 48
0x00007ff87b0eadeb:   8b cb e8 fe 19 a5 ff 48 8b 43 18 48 8d 48 20 48
0x00007ff87b0eadfb:   3b 4b 20 76 23 45 33 c0 48 8b cb 41 8d 50 20 e8
0x00007ff87b0eae0b:   61 16 a5 ff 48 89 46 10 48 8b 5c 24 48 48 8b 6c 


Stack slot to memory mapping:
stack at sp + 0 slots: 0x0000000000000040 is an unknown value
stack at sp + 1 slots: 0x000000e135dfb610 is pointing into the stack for thread: 0x000002d41c48a6f0
stack at sp + 2 slots: 0x000000e100000000 is an unknown value
stack at sp + 3 slots: 0x000002d41d73b700 points into unknown readable memory: 0x00007ff87b3b0330 | 30 03 3b 7b f8 7f 00 00
stack at sp + 4 slots: 0x000002d41d75e518 points into unknown readable memory: 0x00007ff87b3ab6d8 | d8 b6 3a 7b f8 7f 00 00
stack at sp + 5 slots: 0x00007ff87adc2501 jvm.dll
stack at sp + 6 slots: 0x0000000000000040 is an unknown value
stack at sp + 7 slots: 0x000002d41f267a48 points into unknown readable memory: 0x000002d41f2673b0 | b0 73 26 1f d4 02 00 00


---------------  P R O C E S S  ---------------

Threads class SMR info:
_java_thread_list=0x000002d419b647a0, length=23, elements={
0x000002d47ff54700, 0x000002d47ff55d20, 0x000002d47ff654b0, 0x000002d47ff67080,
0x000002d47ff69a50, 0x000002d47ff6a410, 0x000002d47ff6b100, 0x000002d47ff79f70,
0x000002d419412070, 0x000002d47ff3e710, 0x000002d4195b66c0, 0x000002d4195b6ba0,
0x000002d41bdff2b0, 0x000002d41be001e0, 0x000002d421f25b80, 0x000002d421f23300,
0x000002d41c48a6f0, 0x000002d421f23d20, 0x000002d421f265a0, 0x000002d421f26ab0,
0x000002d421f20a80, 0x000002d421f26fc0, 0x000002d421f26090
}

Java Threads: ( => current thread )
  0x000002d47ff54700 JavaThread "Reference Handler" daemon [_thread_blocked, id=7252, stack(0x000000e136600000,0x000000e136700000)]
  0x000002d47ff55d20 JavaThread "Finalizer" daemon [_thread_blocked, id=7648, stack(0x000000e136700000,0x000000e136800000)]
  0x000002d47ff654b0 JavaThread "Signal Dispatcher" daemon [_thread_blocked, id=18300, stack(0x000000e136800000,0x000000e136900000)]
  0x000002d47ff67080 JavaThread "Attach Listener" daemon [_thread_blocked, id=21496, stack(0x000000e136900000,0x000000e136a00000)]
  0x000002d47ff69a50 JavaThread "Service Thread" daemon [_thread_blocked, id=22188, stack(0x000000e136a00000,0x000000e136b00000)]
  0x000002d47ff6a410 JavaThread "Monitor Deflation Thread" daemon [_thread_blocked, id=22492, stack(0x000000e136b00000,0x000000e136c00000)]
  0x000002d47ff6b100 JavaThread "C2 CompilerThread0" daemon [_thread_in_native, id=23568, stack(0x000000e136c00000,0x000000e136d00000)]
  0x000002d47ff79f70 JavaThread "C1 CompilerThread0" daemon [_thread_blocked, id=19212, stack(0x000000e136d00000,0x000000e136e00000)]
  0x000002d419412070 JavaThread "Sweeper thread" daemon [_thread_blocked, id=19328, stack(0x000000e136e00000,0x000000e136f00000)]
  0x000002d47ff3e710 JavaThread "Common-Cleaner" daemon [_thread_blocked, id=17720, stack(0x000000e136f00000,0x000000e137000000)]
  0x000002d4195b66c0 JavaThread "Monitor Ctrl-Break" daemon [_thread_in_native, id=15108, stack(0x000000e137100000,0x000000e137200000)]
  0x000002d4195b6ba0 JavaThread "Notification Thread" daemon [_thread_blocked, id=9552, stack(0x000000e137200000,0x000000e137300000)]
  0x000002d41bdff2b0 JavaThread "PostgreSQL-JDBC-Cleaner" daemon [_thread_blocked, id=11984, stack(0x000000e137d00000,0x000000e137e00000)]
  0x000002d41be001e0 JavaThread "Live Reload Server" daemon [_thread_in_native, id=17988, stack(0x000000e138200000,0x000000e138300000)]
  0x000002d421f25b80 JavaThread "DestroyJavaVM" [_thread_blocked, id=24360, stack(0x000000e135f00000,0x000000e136000000)]
  0x000002d421f23300 JavaThread "Thread-5" [_thread_blocked, id=9556, stack(0x000000e135c00000,0x000000e135d00000)]
=>0x000002d41c48a6f0 JavaThread "C2 CompilerThread1" daemon [_thread_in_native, id=25552, stack(0x000000e135d00000,0x000000e135e00000)]
  0x000002d421f23d20 JavaThread "restartedMain" [_thread_in_Java, id=19640, stack(0x000000e135e00000,0x000000e135f00000)]
  0x000002d421f265a0 JavaThread "Catalina-utility-1" [_thread_blocked, id=20888, stack(0x000000e137000000,0x000000e137100000)]
  0x000002d421f26ab0 JavaThread "Catalina-utility-2" [_thread_blocked, id=1208, stack(0x000000e137700000,0x000000e137800000)]
  0x000002d421f20a80 JavaThread "container-0" [_thread_blocked, id=9932, stack(0x000000e137800000,0x000000e137900000)]
  0x000002d421f26fc0 JavaThread "HikariPool-2 housekeeper" daemon [_thread_blocked, id=24388, stack(0x000000e137900000,0x000000e137a00000)]
  0x000002d421f26090 JavaThread "HikariPool-2 connection adder" daemon [_thread_blocked, id=6156, stack(0x000000e137a00000,0x000000e137b00000)]

Other Threads:
  0x000002d47ff4ca80 VMThread "VM Thread" [stack: 0x000000e136500000,0x000000e136600000] [id=18728]
  0x000002d4195b73b0 WatcherThread [stack: 0x000000e137300000,0x000000e137400000] [id=14032]
  0x000002d47895a4b0 GCTaskThread "GC Thread#0" [stack: 0x000000e136000000,0x000000e136100000] [id=12676]
  0x000002d4199eaa40 GCTaskThread "GC Thread#1" [stack: 0x000000e137400000,0x000000e137500000] [id=12380]
  0x000002d4199d4a70 GCTaskThread "GC Thread#2" [stack: 0x000000e137500000,0x000000e137600000] [id=18712]
  0x000002d4199d4d30 GCTaskThread "GC Thread#3" [stack: 0x000000e137600000,0x000000e137700000] [id=19816]
  0x000002d478967200 ConcurrentGCThread "G1 Main Marker" [stack: 0x000000e136100000,0x000000e136200000] [id=10512]
  0x000002d478967c10 ConcurrentGCThread "G1 Conc#0" [stack: 0x000000e136200000,0x000000e136300000] [id=16340]
  0x000002d47fe100a0 ConcurrentGCThread "G1 Refine#0" [stack: 0x000000e136300000,0x000000e136400000] [id=20108]
  0x000002d47fe127c0 ConcurrentGCThread "G1 Service" [stack: 0x000000e136400000,0x000000e136500000] [id=6932]

Threads with active compile tasks:
C2 CompilerThread0   260364 7274       4       org.springframework.transaction.annotation.AnnotationTransactionAttributeSource::determineTransactionAttribute (88 bytes)
C2 CompilerThread1   260364 7291       4       org.springframework.core.annotation.AnnotatedElementUtils::getMergedAnnotationAttributes (22 bytes)

VM state: not at safepoint (normal execution)

VM Mutex/Monitor currently owned by a thread: None

Heap address: 0x0000000742000000, size: 3040 MB, Compressed Oops mode: Zero based, Oop shift amount: 3

CDS archive(s) mapped at: [0x0000000800000000-0x0000000800c00000-0x0000000800c00000), size 12582912, SharedBaseAddress: 0x0000000800000000, ArchiveRelocationMode: 0.
Compressed class space mapped at: 0x0000000800c00000-0x0000000840c00000, reserved size: 1073741824
Narrow klass base: 0x0000000800000000, Narrow klass shift: 0, Narrow klass range: 0x100000000

GC Precious Log:
 CPUs: 4 total, 4 available
 Memory: 12157M
 Large Page Support: Disabled
 NUMA Support: Disabled
 Compressed Oops: Enabled (Zero based)
 Heap Region Size: 2M
 Heap Min Capacity: 8M
 Heap Initial Capacity: 190M
 Heap Max Capacity: 3040M
 Pre-touch: Disabled
 Parallel Workers: 4
 Concurrent Workers: 1
 Concurrent Refinement Workers: 4
 Periodic GC: Disabled

Heap:
 garbage-first heap   total 83968K, used 38091K [0x0000000742000000, 0x0000000800000000)
  region size 2048K, 6 young (12288K), 3 survivors (6144K)
 Metaspace       used 77761K, committed 78464K, reserved 1122304K
  class space    used 10938K, committed 11264K, reserved 1048576K

Heap Regions: E=young(eden), S=young(survivor), O=old, HS=humongous(starts), HC=humongous(continues), CS=collection set, F=free, OA=open archive, CA=closed archive, TAMS=top-at-mark-start (previous, next)
|   0|0x0000000742000000, 0x0000000742200000, 0x0000000742200000|100%| O|  |TAMS 0x0000000742200000, 0x0000000742000000| Untracked 
|   1|0x0000000742200000, 0x0000000742400000, 0x0000000742400000|100%| O|  |TAMS 0x0000000742400000, 0x0000000742200000| Untracked 
|   2|0x0000000742400000, 0x0000000742600000, 0x0000000742600000|100%| O|  |TAMS 0x0000000742600000, 0x0000000742400000| Untracked 
|   3|0x0000000742600000, 0x0000000742800000, 0x0000000742800000|100%| O|  |TAMS 0x0000000742600000, 0x0000000742600000| Untracked 
|   4|0x0000000742800000, 0x0000000742a00000, 0x0000000742a00000|100%| O|  |TAMS 0x0000000742800000, 0x0000000742800000| Untracked 
|   5|0x0000000742a00000, 0x0000000742bffff8, 0x0000000742c00000| 99%| O|  |TAMS 0x0000000742a00000, 0x0000000742a00000| Untracked 
|   6|0x0000000742c00000, 0x0000000742dfffe8, 0x0000000742e00000| 99%| O|  |TAMS 0x0000000742c00000, 0x0000000742c00000| Untracked 
|   7|0x0000000742e00000, 0x0000000742fffff0, 0x0000000743000000| 99%| O|  |TAMS 0x0000000742e00000, 0x0000000742e00000| Untracked 
|   8|0x0000000743000000, 0x0000000743200000, 0x0000000743200000|100%| O|  |TAMS 0x0000000743000000, 0x0000000743000000| Untracked 
|   9|0x0000000743200000, 0x00000007433ffff0, 0x0000000743400000| 99%| O|  |TAMS 0x0000000743200000, 0x0000000743200000| Untracked 
|  10|0x0000000743400000, 0x00000007435ffff8, 0x0000000743600000| 99%| O|  |TAMS 0x0000000743400000, 0x0000000743400000| Untracked 
|  11|0x0000000743600000, 0x00000007437ffff0, 0x0000000743800000| 99%| O|  |TAMS 0x0000000743600000, 0x0000000743600000| Untracked 
|  12|0x0000000743800000, 0x00000007438ee8d8, 0x0000000743a00000| 46%| O|  |TAMS 0x0000000743800000, 0x0000000743800000| Untracked 
|  13|0x0000000743a00000, 0x0000000743bf80a0, 0x0000000743c00000| 98%| O|  |TAMS 0x0000000743a00000, 0x0000000743a00000| Untracked 
|  14|0x0000000743c00000, 0x0000000743d531f0, 0x0000000743e00000| 66%| O|  |TAMS 0x0000000743c00000, 0x0000000743c00000| Untracked 
|  15|0x0000000743e00000, 0x0000000743e00000, 0x0000000744000000|  0%| F|  |TAMS 0x0000000743e00000, 0x0000000743e00000| Untracked 
|  16|0x0000000744000000, 0x0000000744000000, 0x0000000744200000|  0%| F|  |TAMS 0x0000000744000000, 0x0000000744000000| Untracked 
|  17|0x0000000744200000, 0x0000000744200000, 0x0000000744400000|  0%| F|  |TAMS 0x0000000744200000, 0x0000000744200000| Untracked 
|  18|0x0000000744400000, 0x0000000744400000, 0x0000000744600000|  0%| F|  |TAMS 0x0000000744400000, 0x0000000744400000| Untracked 
|  19|0x0000000744600000, 0x0000000744600000, 0x0000000744800000|  0%| F|  |TAMS 0x0000000744600000, 0x0000000744600000| Untracked 
|  20|0x0000000744800000, 0x0000000744800000, 0x0000000744a00000|  0%| F|  |TAMS 0x0000000744800000, 0x0000000744800000| Untracked 
|  21|0x0000000744a00000, 0x0000000744af92a0, 0x0000000744c00000| 48%| S|CS|TAMS 0x0000000744a00000, 0x0000000744a00000| Complete 
|  22|0x0000000744c00000, 0x0000000744c00000, 0x0000000744e00000|  0%| F|  |TAMS 0x0000000744c00000, 0x0000000744c00000| Untracked 
|  23|0x0000000744e00000, 0x0000000744e00000, 0x0000000745000000|  0%| F|  |TAMS 0x0000000744e00000, 0x0000000744e00000| Untracked 
|  24|0x0000000745000000, 0x0000000745200000, 0x0000000745200000|100%| S|CS|TAMS 0x0000000745000000, 0x0000000745000000| Complete 
|  25|0x0000000745200000, 0x0000000745400000, 0x0000000745400000|100%| S|CS|TAMS 0x0000000745200000, 0x0000000745200000| Complete 
|  26|0x0000000745400000, 0x0000000745400000, 0x0000000745600000|  0%| F|  |TAMS 0x0000000745400000, 0x0000000745400000| Untracked 
|  27|0x0000000745600000, 0x0000000745600000, 0x0000000745800000|  0%| F|  |TAMS 0x0000000745600000, 0x0000000745600000| Untracked 
|  28|0x0000000745800000, 0x0000000745800000, 0x0000000745a00000|  0%| F|  |TAMS 0x0000000745800000, 0x0000000745800000| Untracked 
|  29|0x0000000745a00000, 0x0000000745a00000, 0x0000000745c00000|  0%| F|  |TAMS 0x0000000745a00000, 0x0000000745a00000| Untracked 
|  30|0x0000000745c00000, 0x0000000745c00000, 0x0000000745e00000|  0%| F|  |TAMS 0x0000000745c00000, 0x0000000745c00000| Untracked 
|  31|0x0000000745e00000, 0x0000000745e00000, 0x0000000746000000|  0%| F|  |TAMS 0x0000000745e00000, 0x0000000745e00000| Untracked 
|  32|0x0000000746000000, 0x0000000746000000, 0x0000000746200000|  0%| F|  |TAMS 0x0000000746000000, 0x0000000746000000| Untracked 
|  33|0x0000000746200000, 0x0000000746200000, 0x0000000746400000|  0%| F|  |TAMS 0x0000000746200000, 0x0000000746200000| Untracked 
|  34|0x0000000746400000, 0x0000000746400000, 0x0000000746600000|  0%| F|  |TAMS 0x0000000746400000, 0x0000000746400000| Untracked 
|  35|0x0000000746600000, 0x0000000746600000, 0x0000000746800000|  0%| F|  |TAMS 0x0000000746600000, 0x0000000746600000| Untracked 
|  63|0x0000000749e00000, 0x0000000749e00000, 0x000000074a000000|  0%| F|  |TAMS 0x0000000749e00000, 0x0000000749e00000| Untracked 
|  64|0x000000074a000000, 0x000000074a000000, 0x000000074a200000|  0%| F|  |TAMS 0x000000074a000000, 0x000000074a000000| Untracked 
|  65|0x000000074a200000, 0x000000074a2c8618, 0x000000074a400000| 39%| E|  |TAMS 0x000000074a200000, 0x000000074a200000| Complete 
|  66|0x000000074a400000, 0x000000074a600000, 0x000000074a600000|100%| E|CS|TAMS 0x000000074a400000, 0x000000074a400000| Complete 
|  94|0x000000074dc00000, 0x000000074de00000, 0x000000074de00000|100%| E|CS|TAMS 0x000000074dc00000, 0x000000074dc00000| Complete 

Card table byte_map: [0x000002d478fc0000,0x000002d4795b0000] _byte_map_base: 0x000002d4755b0000

Marking Bits (Prev, Next): (CMBitMap*) 0x000002d47895aad0, (CMBitMap*) 0x000002d47895ab10
 Prev Bits: [0x000002d479ba0000, 0x000002d47cb20000)
 Next Bits: [0x000002d47cb20000, 0x000002d47faa0000)

Polling page: 0x000002d476830000

Metaspace:

Usage:
  Non-class:     65.26 MB used.
      Class:     10.68 MB used.
       Both:     75.95 MB used.

Virtual space:
  Non-class space:       72.00 MB reserved,      65.62 MB ( 91%) committed,  9 nodes.
      Class space:        1.00 GB reserved,      11.00 MB (  1%) committed,  1 nodes.
             Both:        1.07 GB reserved,      76.62 MB (  7%) committed. 

Chunk freelists:
   Non-Class:  1.60 MB
       Class:  1000.00 KB
        Both:  2.58 MB

MaxMetaspaceSize: unlimited
CompressedClassSpaceSize: 1.00 GB
Initial GC threshold: 21.00 MB
Current GC threshold: 126.06 MB
CDS: on
MetaspaceReclaimPolicy: balanced
 - commit_granule_bytes: 65536.
 - commit_granule_words: 8192.
 - virtual_space_node_default_size: 1048576.
 - enlarge_chunks_in_place: 1.
 - new_chunks_are_fully_committed: 0.
 - uncommit_free_chunks: 1.
 - use_allocation_guard: 0.
 - handle_deallocations: 1.


Internal statistics:

num_allocs_failed_limit: 9.
num_arena_births: 866.
num_arena_deaths: 0.
num_vsnodes_births: 10.
num_vsnodes_deaths: 0.
num_space_committed: 1226.
num_space_uncommitted: 0.
num_chunks_returned_to_freelist: 9.
num_chunks_taken_from_freelist: 3723.
num_chunk_merges: 9.
num_chunk_splits: 2729.
num_chunks_enlarged: 2180.
num_purges: 2.
num_inconsistent_stats: 0.

CodeHeap 'non-profiled nmethods': size=120000Kb used=4364Kb max_used=4364Kb free=115635Kb
 bounds [0x000002d40f580000, 0x000002d40f9d0000, 0x000002d416ab0000]
CodeHeap 'profiled nmethods': size=120000Kb used=13039Kb max_used=13039Kb free=106960Kb
 bounds [0x000002d408050000, 0x000002d408d10000, 0x000002d40f580000]
CodeHeap 'non-nmethods': size=5760Kb used=1336Kb max_used=1440Kb free=4424Kb
 bounds [0x000002d407ab0000, 0x000002d407d20000, 0x000002d408050000]
 total_blobs=7324 nmethods=6653 adapters=583
 compilation: enabled
              stopped_count=0, restarted_count=0
 full_count=0

Compilation events (20 events):
Event: 260.199 Thread 0x000002d47ff79f70 7450       2       org.springframework.expression.common.LiteralExpression::<init> (10 bytes)
Event: 260.199 Thread 0x000002d47ff79f70 nmethod 7450 0x000002d408cef710 code [0x000002d408cef8a0, 0x000002d408cef9f8]
Event: 260.199 Thread 0x000002d47ff79f70 7451       2       sun.reflect.generics.repository.ConstructorRepository::computeParameterTypes (62 bytes)
Event: 260.200 Thread 0x000002d47ff79f70 nmethod 7451 0x000002d408cefa90 code [0x000002d408cefc60, 0x000002d408cf0128]
Event: 260.201 Thread 0x000002d47ff79f70 7452   !   2       jdk.proxy2.$Proxy59::annotationType (29 bytes)
Event: 260.202 Thread 0x000002d47ff79f70 nmethod 7452 0x000002d408cf0390 code [0x000002d408cf0540, 0x000002d408cf07b8]
Event: 260.202 Thread 0x000002d47ff79f70 7453   !   2       org.springframework.web.servlet.handler.AbstractHandlerMethodMapping::processCandidateBean (63 bytes)
Event: 260.203 Thread 0x000002d47ff79f70 nmethod 7453 0x000002d408cf0910 code [0x000002d408cf0b40, 0x000002d408cf0f48]
Event: 260.203 Thread 0x000002d47ff79f70 7454       2       org.springframework.context.support.ApplicationObjectSupport::getApplicationContext (36 bytes)
Event: 260.203 Thread 0x000002d47ff79f70 nmethod 7454 0x000002d408cf1390 code [0x000002d408cf1540, 0x000002d408cf1748]
Event: 260.206 Thread 0x000002d47ff79f70 7455       1       org.springframework.web.util.pattern.PathPattern::getScore (5 bytes)
Event: 260.206 Thread 0x000002d47ff79f70 nmethod 7455 0x000002d40f9c2490 code [0x000002d40f9c2620, 0x000002d40f9c26f8]
Event: 260.206 Thread 0x000002d47ff79f70 7456       2       java.util.AbstractList$RandomAccessSpliterator::checkAbstractListModCount (21 bytes)
Event: 260.206 Thread 0x000002d47ff79f70 nmethod 7456 0x000002d408cf1890 code [0x000002d408cf1a40, 0x000002d408cf1c08]
Event: 260.208 Thread 0x000002d47ff79f70 7457       2       java.util.Comparator$$Lambda$397/0x0000000800ce8500::compare (10 bytes)
Event: 260.209 Thread 0x000002d47ff79f70 nmethod 7457 0x000002d408cf1d10 code [0x000002d408cf1ec0, 0x000002d408cf2078]
Event: 260.209 Thread 0x000002d47ff79f70 7458       2       java.util.Comparator::lambda$comparingInt$7b0bb60$1 (18 bytes)
Event: 260.209 Thread 0x000002d47ff79f70 nmethod 7458 0x000002d408cf2190 code [0x000002d408cf2340, 0x000002d408cf24d8]
Event: 260.209 Thread 0x000002d47ff79f70 7459       1       org.springframework.web.util.pattern.PathPattern::getNormalizedLength (5 bytes)
Event: 260.209 Thread 0x000002d47ff79f70 nmethod 7459 0x000002d40f9c2790 code [0x000002d40f9c2920, 0x000002d40f9c29f8]

GC Heap History (20 events):
Event: 7.878 GC heap before
{Heap before GC invocations=12 (full 0):
 garbage-first heap   total 61440K, used 23466K [0x0000000742000000, 0x0000000800000000)
  region size 2048K, 3 young (6144K), 2 survivors (4096K)
 Metaspace       used 42677K, committed 43136K, reserved 1089536K
  class space    used 5730K, committed 5952K, reserved 1048576K
}
Event: 7.884 GC heap after
{Heap after GC invocations=13 (full 0):
 garbage-first heap   total 61440K, used 21263K [0x0000000742000000, 0x0000000800000000)
  region size 2048K, 1 young (2048K), 1 survivors (2048K)
 Metaspace       used 42677K, committed 43136K, reserved 1089536K
  class space    used 5730K, committed 5952K, reserved 1048576K
}
Event: 8.685 GC heap before
{Heap before GC invocations=13 (full 0):
 garbage-first heap   total 61440K, used 43791K [0x0000000742000000, 0x0000000800000000)
  region size 2048K, 12 young (24576K), 1 survivors (2048K)
 Metaspace       used 47473K, committed 48000K, reserved 1097728K
  class space    used 6381K, committed 6592K, reserved 1048576K
}
Event: 8.688 GC heap after
{Heap after GC invocations=14 (full 0):
 garbage-first heap   total 83968K, used 22283K [0x0000000742000000, 0x0000000800000000)
  region size 2048K, 1 young (2048K), 1 survivors (2048K)
 Metaspace       used 47473K, committed 48000K, reserved 1097728K
  class space    used 6381K, committed 6592K, reserved 1048576K
}
Event: 9.974 GC heap before
{Heap before GC invocations=14 (full 0):
 garbage-first heap   total 83968K, used 61195K [0x0000000742000000, 0x0000000800000000)
  region size 2048K, 20 young (40960K), 1 survivors (2048K)
 Metaspace       used 57723K, committed 58176K, reserved 1105920K
  class space    used 7990K, committed 8192K, reserved 1048576K
}
Event: 9.979 GC heap after
{Heap after GC invocations=15 (full 0):
 garbage-first heap   total 83968K, used 24111K [0x0000000742000000, 0x0000000800000000)
  region size 2048K, 2 young (4096K), 2 survivors (4096K)
 Metaspace       used 57723K, committed 58176K, reserved 1105920K
  class space    used 7990K, committed 8192K, reserved 1048576K
}
Event: 10.279 GC heap before
{Heap before GC invocations=15 (full 0):
 garbage-first heap   total 83968K, used 34351K [0x0000000742000000, 0x0000000800000000)
  region size 2048K, 8 young (16384K), 2 survivors (4096K)
 Metaspace       used 60030K, committed 60480K, reserved 1105920K
  class space    used 8256K, committed 8448K, reserved 1048576K
}
Event: 10.285 GC heap after
{Heap after GC invocations=16 (full 0):
 garbage-first heap   total 83968K, used 25048K [0x0000000742000000, 0x0000000800000000)
  region size 2048K, 2 young (4096K), 2 survivors (4096K)
 Metaspace       used 60030K, committed 60480K, reserved 1105920K
  class space    used 8256K, committed 8448K, reserved 1048576K
}
Event: 11.159 GC heap before
{Heap before GC invocations=17 (full 0):
 garbage-first heap   total 83968K, used 63960K [0x0000000742000000, 0x0000000800000000)
  region size 2048K, 21 young (43008K), 2 survivors (4096K)
 Metaspace       used 65024K, committed 65600K, reserved 1105920K
  class space    used 9296K, committed 9600K, reserved 1048576K
}
Event: 11.168 GC heap after
{Heap after GC invocations=18 (full 0):
 garbage-first heap   total 83968K, used 28474K [0x0000000742000000, 0x0000000800000000)
  region size 2048K, 3 young (6144K), 3 survivors (6144K)
 Metaspace       used 65024K, committed 65600K, reserved 1105920K
  class space    used 9296K, committed 9600K, reserved 1048576K
}
Event: 11.460 GC heap before
{Heap before GC invocations=18 (full 0):
 garbage-first heap   total 83968K, used 65338K [0x0000000742000000, 0x0000000800000000)
  region size 2048K, 21 young (43008K), 3 survivors (6144K)
 Metaspace       used 66464K, committed 67072K, reserved 1114112K
  class space    used 9475K, committed 9792K, reserved 1048576K
}
Event: 11.468 GC heap after
{Heap after GC invocations=19 (full 0):
 garbage-first heap   total 83968K, used 30843K [0x0000000742000000, 0x0000000800000000)
  region size 2048K, 2 young (4096K), 2 survivors (4096K)
 Metaspace       used 66464K, committed 67072K, reserved 1114112K
  class space    used 9475K, committed 9792K, reserved 1048576K
}
Event: 12.225 GC heap before
{Heap before GC invocations=19 (full 0):
 garbage-first heap   total 83968K, used 63611K [0x0000000742000000, 0x0000000800000000)
  region size 2048K, 18 young (36864K), 2 survivors (4096K)
 Metaspace       used 69483K, committed 70016K, reserved 1114112K
  class space    used 9917K, committed 10176K, reserved 1048576K
}
Event: 12.230 GC heap after
{Heap after GC invocations=20 (full 0):
 garbage-first heap   total 83968K, used 32618K [0x0000000742000000, 0x0000000800000000)
  region size 2048K, 2 young (4096K), 2 survivors (4096K)
 Metaspace       used 69483K, committed 70016K, reserved 1114112K
  class space    used 9917K, committed 10176K, reserved 1048576K
}
Event: 56.047 GC heap before
{Heap before GC invocations=20 (full 0):
 garbage-first heap   total 83968K, used 63338K [0x0000000742000000, 0x0000000800000000)
  region size 2048K, 18 young (36864K), 2 survivors (4096K)
 Metaspace       used 74912K, committed 75520K, reserved 1114112K
  class space    used 10632K, committed 10944K, reserved 1048576K
}
Event: 56.056 GC heap after
{Heap after GC invocations=21 (full 0):
 garbage-first heap   total 83968K, used 35043K [0x0000000742000000, 0x0000000800000000)
  region size 2048K, 3 young (6144K), 3 survivors (6144K)
 Metaspace       used 74912K, committed 75520K, reserved 1114112K
  class space    used 10632K, committed 10944K, reserved 1048576K
}
Event: 258.353 GC heap before
{Heap before GC invocations=21 (full 0):
 garbage-first heap   total 83968K, used 49379K [0x0000000742000000, 0x0000000800000000)
  region size 2048K, 12 young (24576K), 3 survivors (6144K)
 Metaspace       used 76805K, committed 77440K, reserved 1122304K
  class space    used 10896K, committed 11200K, reserved 1048576K
}
Event: 258.413 GC heap after
{Heap after GC invocations=22 (full 1):
 garbage-first heap   total 83968K, used 28902K [0x0000000742000000, 0x0000000800000000)
  region size 2048K, 0 young (0K), 0 survivors (0K)
 Metaspace       used 76805K, committed 77440K, reserved 1122304K
  class space    used 10896K, committed 11200K, reserved 1048576K
}
Event: 259.488 GC heap before
{Heap before GC invocations=22 (full 1):
 garbage-first heap   total 83968K, used 61670K [0x0000000742000000, 0x0000000800000000)
  region size 2048K, 17 young (34816K), 0 survivors (0K)
 Metaspace       used 77061K, committed 77696K, reserved 1122304K
  class space    used 10907K, committed 11200K, reserved 1048576K
}
Event: 259.491 GC heap after
{Heap after GC invocations=23 (full 1):
 garbage-first heap   total 83968K, used 32186K [0x0000000742000000, 0x0000000800000000)
  region size 2048K, 2 young (4096K), 2 survivors (4096K)
 Metaspace       used 77061K, committed 77696K, reserved 1122304K
  class space    used 10907K, committed 11200K, reserved 1048576K
}

Deoptimization events (20 events):
Event: 260.090 Thread 0x000002d421f23d20 Uncommon trap: trap_request=0xffffffbe fr.pc=0x000002d40f9bc4e4 relative=0x0000000000001124
Event: 260.090 Thread 0x000002d421f23d20 Uncommon trap: reason=profile_predicate action=maybe_recompile pc=0x000002d40f9bc4e4 method=org.springframework.core.annotation.AnnotationsScanner.processClassInheritedAnnotations(Ljava/lang/Object;Ljava/lang/Class;Lorg/springframework/core/annotation/Ann
Event: 260.090 Thread 0x000002d421f23d20 DEOPT PACKING pc=0x000002d40f9bc4e4 sp=0x000000e135ef8fe0
Event: 260.090 Thread 0x000002d421f23d20 DEOPT UNPACKING pc=0x000002d407b023a3 sp=0x000000e135ef8d80 mode 2
Event: 260.090 Thread 0x000002d421f23d20 Uncommon trap: trap_request=0xffffffbe fr.pc=0x000002d40f9bc4e4 relative=0x0000000000001124
Event: 260.090 Thread 0x000002d421f23d20 Uncommon trap: reason=profile_predicate action=maybe_recompile pc=0x000002d40f9bc4e4 method=org.springframework.core.annotation.AnnotationsScanner.processClassInheritedAnnotations(Ljava/lang/Object;Ljava/lang/Class;Lorg/springframework/core/annotation/Ann
Event: 260.090 Thread 0x000002d421f23d20 DEOPT PACKING pc=0x000002d40f9bc4e4 sp=0x000000e135ef8fe0
Event: 260.090 Thread 0x000002d421f23d20 DEOPT UNPACKING pc=0x000002d407b023a3 sp=0x000000e135ef8d80 mode 2
Event: 260.090 Thread 0x000002d421f23d20 Uncommon trap: trap_request=0xffffffbe fr.pc=0x000002d40f9bc4e4 relative=0x0000000000001124
Event: 260.090 Thread 0x000002d421f23d20 Uncommon trap: reason=profile_predicate action=maybe_recompile pc=0x000002d40f9bc4e4 method=org.springframework.core.annotation.AnnotationsScanner.processClassInheritedAnnotations(Ljava/lang/Object;Ljava/lang/Class;Lorg/springframework/core/annotation/Ann
Event: 260.090 Thread 0x000002d421f23d20 DEOPT PACKING pc=0x000002d40f9bc4e4 sp=0x000000e135ef8fe0
Event: 260.090 Thread 0x000002d421f23d20 DEOPT UNPACKING pc=0x000002d407b023a3 sp=0x000000e135ef8d80 mode 2
Event: 260.148 Thread 0x000002d421f23d20 Uncommon trap: trap_request=0xffffff45 fr.pc=0x000002d40f98685c relative=0x0000000000006dbc
Event: 260.148 Thread 0x000002d421f23d20 Uncommon trap: reason=unstable_if action=reinterpret pc=0x000002d40f98685c method=org.springframework.beans.factory.support.AbstractBeanFactory.isTypeMatch(Ljava/lang/String;Lorg/springframework/core/ResolvableType;Z)Z @ 278 c2
Event: 260.148 Thread 0x000002d421f23d20 DEOPT PACKING pc=0x000002d40f98685c sp=0x000000e135efc1d0
Event: 260.148 Thread 0x000002d421f23d20 DEOPT UNPACKING pc=0x000002d407b023a3 sp=0x000000e135efc190 mode 2
Event: 260.148 Thread 0x000002d421f23d20 Uncommon trap: trap_request=0xffffffde fr.pc=0x000002d40f8cc2c0 relative=0x0000000000000ac0
Event: 260.148 Thread 0x000002d421f23d20 Uncommon trap: reason=class_check action=maybe_recompile pc=0x000002d40f8cc2c0 method=org.springframework.core.SerializableTypeWrapper.unwrap(Ljava/lang/reflect/Type;)Ljava/lang/reflect/Type; @ 20 c2
Event: 260.148 Thread 0x000002d421f23d20 DEOPT PACKING pc=0x000002d40f8cc2c0 sp=0x000000e135efbe40
Event: 260.148 Thread 0x000002d421f23d20 DEOPT UNPACKING pc=0x000002d407b023a3 sp=0x000000e135efbe08 mode 2

Classes unloaded (0 events):
No events

Classes redefined (0 events):
No events

Internal exceptions (20 events):
Event: 259.248 Thread 0x000002d421f23d20 Exception <a 'sun/nio/fs/WindowsException'{0x0000000745bf0628}> (0x0000000745bf0628) 
thrown [s\src\hotspot\share\prims\jni.cpp, line 516]
Event: 259.265 Thread 0x000002d421f23d20 Exception <a 'sun/nio/fs/WindowsException'{0x0000000745872748}> (0x0000000745872748) 
thrown [s\src\hotspot\share\prims\jni.cpp, line 516]
Event: 259.400 Thread 0x000002d421f23d20 Exception <a 'java/lang/NoClassDefFoundError'{0x00000007454bf9d0}: org/flywaydb/core/Flyway> (0x00000007454bf9d0) 
thrown [s\src\hotspot\share\oops\constantPool.cpp, line 835]
Event: 259.400 Thread 0x000002d421f23d20 Exception <a 'java/lang/NoClassDefFoundError'{0x00000007454c0020}: liquibase/integration/spring/SpringLiquibase> (0x00000007454c0020) 
thrown [s\src\hotspot\share\oops\constantPool.cpp, line 835]
Event: 259.404 Thread 0x000002d421f23d20 Exception <a 'java/lang/NoClassDefFoundError'{0x00000007454deaf8}: org/jooq/DSLContext> (0x00000007454deaf8) 
thrown [s\src\hotspot\share\oops\constantPool.cpp, line 835]
Event: 259.407 Thread 0x000002d421f23d20 Exception <a 'java/lang/NoClassDefFoundError'{0x000000074551e430}: org/springframework/batch/core/repository/JobRepository> (0x000000074551e430) 
thrown [s\src\hotspot\share\oops\constantPool.cpp, line 835]
Event: 259.407 Thread 0x000002d421f23d20 Exception <a 'java/lang/NoClassDefFoundError'{0x000000074551ea78}: org/quartz/Scheduler> (0x000000074551ea78) 
thrown [s\src\hotspot\share\oops\constantPool.cpp, line 835]
Event: 259.407 Thread 0x000002d421f23d20 Exception <a 'java/lang/NoClassDefFoundError'{0x000000074551f0e8}: org/springframework/session/jdbc/JdbcIndexedSessionRepository> (0x000000074551f0e8) 
thrown [s\src\hotspot\share\oops\constantPool.cpp, line 835]
Event: 259.419 Thread 0x000002d421f23d20 Implicit null exception at 0x000002d40f6795ed to 0x000002d40f67cecc
Event: 259.497 Thread 0x000002d421f23d20 Exception <a 'sun/nio/fs/WindowsException'{0x000000074dd8d590}> (0x000000074dd8d590) 
thrown [s\src\hotspot\share\prims\jni.cpp, line 516]
Event: 259.498 Thread 0x000002d421f23d20 Exception <a 'sun/nio/fs/WindowsException'{0x000000074dd8dcb8}> (0x000000074dd8dcb8) 
thrown [s\src\hotspot\share\prims\jni.cpp, line 516]
Event: 259.498 Thread 0x000002d421f23d20 Exception <a 'sun/nio/fs/WindowsException'{0x000000074dd8e3b0}> (0x000000074dd8e3b0) 
thrown [s\src\hotspot\share\prims\jni.cpp, line 516]
Event: 259.506 Thread 0x000002d421f23d20 Exception <a 'java/io/FileNotFoundException'{0x000000074ddc78b8}> (0x000000074ddc78b8) 
thrown [s\src\hotspot\share\prims\jni.cpp, line 516]
Event: 259.553 Thread 0x000002d421f23d20 Exception <a 'java/io/FileNotFoundException'{0x000000074a5e1670}> (0x000000074a5e1670) 
thrown [s\src\hotspot\share\prims\jni.cpp, line 516]
Event: 259.605 Thread 0x000002d421f23d20 Exception <a 'sun/nio/fs/WindowsException'{0x000000074a1b4580}> (0x000000074a1b4580) 
thrown [s\src\hotspot\share\prims\jni.cpp, line 516]
Event: 259.998 Thread 0x000002d421f23d20 Exception <a 'java/lang/reflect/InvocationTargetException'{0x0000000745d98f10}> (0x0000000745d98f10) 
thrown [s\src\hotspot\share\runtime\reflection.cpp, line 1121]
Event: 260.000 Thread 0x000002d421f23d20 Exception <a 'java/lang/reflect/InvocationTargetException'{0x0000000745da2ca8}> (0x0000000745da2ca8) 
thrown [s\src\hotspot\share\runtime\reflection.cpp, line 1121]
Event: 260.003 Thread 0x000002d421f23d20 Exception <a 'java/lang/reflect/InvocationTargetException'{0x0000000745dac320}> (0x0000000745dac320) 
thrown [s\src\hotspot\share\runtime\reflection.cpp, line 1121]
Event: 260.034 Thread 0x000002d421f23d20 Exception <a 'java/lang/reflect/InvocationTargetException'{0x0000000745b25c20}> (0x0000000745b25c20) 
thrown [s\src\hotspot\share\runtime\reflection.cpp, line 1121]
Event: 260.041 Thread 0x000002d421f23d20 Exception <a 'java/lang/reflect/InvocationTargetException'{0x0000000745b48380}> (0x0000000745b48380) 
thrown [s\src\hotspot\share\runtime\reflection.cpp, line 1121]

VM Operations (20 events):
Event: 200.474 Executing VM operation: Cleanup
Event: 200.474 Executing VM operation: Cleanup done
Event: 208.551 Executing VM operation: Cleanup
Event: 208.552 Executing VM operation: Cleanup done
Event: 209.563 Executing VM operation: Cleanup
Event: 209.563 Executing VM operation: Cleanup done
Event: 211.584 Executing VM operation: Cleanup
Event: 211.584 Executing VM operation: Cleanup done
Event: 257.054 Executing VM operation: Cleanup
Event: 257.054 Executing VM operation: Cleanup done
Event: 258.353 Executing VM operation: G1CollectFull
Event: 258.414 Executing VM operation: G1CollectFull done
Event: 259.121 Executing VM operation: ICBufferFull
Event: 259.121 Executing VM operation: ICBufferFull done
Event: 259.385 Executing VM operation: HandshakeAllThreads
Event: 259.385 Executing VM operation: HandshakeAllThreads done
Event: 259.487 Executing VM operation: G1CollectForAllocation
Event: 259.491 Executing VM operation: G1CollectForAllocation done
Event: 259.916 Executing VM operation: ICBufferFull
Event: 259.916 Executing VM operation: ICBufferFull done

Events (20 events):
Event: 258.342 Thread 0x000002d421f20060 Thread exited: 0x000002d421f20060
Event: 258.352 loading class java/util/WeakHashMap$KeyIterator
Event: 258.352 loading class java/util/WeakHashMap$KeyIterator done
Event: 258.353 Thread 0x000002d41be00c00 Thread exited: 0x000002d41be00c00
Event: 258.414 loading class java/lang/ref/Finalizer$2
Event: 258.414 Thread 0x000002d41be01110 Thread exited: 0x000002d41be01110
Event: 258.415 Thread 0x000002d41be01620 Thread exited: 0x000002d41be01620
Event: 258.421 loading class java/lang/ref/Finalizer$2 done
Event: 258.421 loading class java/lang/ref/Finalizer$1
Event: 258.421 loading class java/lang/ref/Finalizer$1 done
Event: 258.421 Thread 0x000002d421f24c50 Thread added: 0x000002d421f24c50
Event: 258.421 Thread 0x000002d421f24c50 Thread exited: 0x000002d421f24c50
Event: 258.422 Thread 0x000002d421f23d20 Thread added: 0x000002d421f23d20
Event: 258.601 Thread 0x000002d421f25670 Thread added: 0x000002d421f25670
Event: 258.631 Thread 0x000002d421f25670 Thread exited: 0x000002d421f25670
Event: 259.554 Thread 0x000002d421f265a0 Thread added: 0x000002d421f265a0
Event: 259.554 Thread 0x000002d421f26ab0 Thread added: 0x000002d421f26ab0
Event: 259.554 Thread 0x000002d421f20a80 Thread added: 0x000002d421f20a80
Event: 259.704 Thread 0x000002d421f26fc0 Thread added: 0x000002d421f26fc0
Event: 259.818 Thread 0x000002d421f26090 Thread added: 0x000002d421f26090


Dynamic libraries:
0x00007ff689f40000 - 0x00007ff689f4e000 	C:\Program Files\Zulu\zulu-17\bin\java.exe
0x00007ff8c21f0000 - 0x00007ff8c23e8000 	C:\Windows\SYSTEM32\ntdll.dll
0x00007ff8c0f60000 - 0x00007ff8c1022000 	C:\Windows\System32\KERNEL32.DLL
0x00007ff8bfa40000 - 0x00007ff8bfd36000 	C:\Windows\System32\KERNELBASE.dll
0x00007ff8bfea0000 - 0x00007ff8bffa0000 	C:\Windows\System32\ucrtbase.dll
0x00007ff8b9d30000 - 0x00007ff8b9d48000 	C:\Program Files\Zulu\zulu-17\bin\jli.dll
0x00007ff8c09e0000 - 0x00007ff8c0b7d000 	C:\Windows\System32\USER32.dll
0x00007ff8b9a20000 - 0x00007ff8b9a3b000 	C:\Program Files\Zulu\zulu-17\bin\VCRUNTIME140.dll
0x00007ff8bffa0000 - 0x00007ff8bffc2000 	C:\Windows\System32\win32u.dll
0x00007ff8c06d0000 - 0x00007ff8c06fb000 	C:\Windows\System32\GDI32.dll
0x00007ff8c0100000 - 0x00007ff8c021a000 	C:\Windows\System32\gdi32full.dll
0x00007ff8bf9a0000 - 0x00007ff8bfa3d000 	C:\Windows\System32\msvcp_win.dll
0x00007ff8ae8c0000 - 0x00007ff8aeb5a000 	C:\Windows\WinSxS\amd64_microsoft.windows.common-controls_6595b64144ccf1df_6.0.19041.5794_none_60bcd33171f2783c\COMCTL32.dll
0x00007ff8c0c40000 - 0x00007ff8c0cde000 	C:\Windows\System32\msvcrt.dll
0x00007ff8c0cf0000 - 0x00007ff8c0d1f000 	C:\Windows\System32\IMM32.DLL
0x00007ff8bc3f0000 - 0x00007ff8bc3fc000 	C:\Program Files\Zulu\zulu-17\bin\vcruntime140_1.dll
0x00007ff8947a0000 - 0x00007ff89482d000 	C:\Program Files\Zulu\zulu-17\bin\msvcp140.dll
0x00007ff87aa90000 - 0x00007ff87b6f3000 	C:\Program Files\Zulu\zulu-17\bin\server\jvm.dll
0x00007ff8c0b80000 - 0x00007ff8c0c2f000 	C:\Windows\System32\ADVAPI32.dll
0x00007ff8c1db0000 - 0x00007ff8c1e4f000 	C:\Windows\System32\sechost.dll
0x00007ff8c0db0000 - 0x00007ff8c0ed3000 	C:\Windows\System32\RPCRT4.dll
0x00007ff8bf8e0000 - 0x00007ff8bf907000 	C:\Windows\System32\bcrypt.dll
0x00007ff8c0c30000 - 0x00007ff8c0c38000 	C:\Windows\System32\PSAPI.DLL
0x00007ff8acb20000 - 0x00007ff8acb29000 	C:\Windows\SYSTEM32\WSOCK32.dll
0x00007ff8c08a0000 - 0x00007ff8c090b000 	C:\Windows\System32\WS2_32.dll
0x00007ff8ae1e0000 - 0x00007ff8ae207000 	C:\Windows\SYSTEM32\WINMM.dll
0x00007ff8afe50000 - 0x00007ff8afe5a000 	C:\Windows\SYSTEM32\VERSION.dll
0x00007ff8be0b0000 - 0x00007ff8be0c2000 	C:\Windows\SYSTEM32\kernel.appcore.dll
0x00007ff8b99c0000 - 0x00007ff8b99ca000 	C:\Program Files\Zulu\zulu-17\bin\jimage.dll
0x00007ff8bdda0000 - 0x00007ff8bdfa1000 	C:\Windows\SYSTEM32\DBGHELP.DLL
0x00007ff89ec10000 - 0x00007ff89ec44000 	C:\Windows\SYSTEM32\dbgcore.DLL
0x00007ff8bf910000 - 0x00007ff8bf992000 	C:\Windows\System32\bcryptPrimitives.dll
0x00007ff8b99d0000 - 0x00007ff8b99de000 	C:\Program Files\Zulu\zulu-17\bin\instrument.dll
0x00007ff8b8320000 - 0x00007ff8b8345000 	C:\Program Files\Zulu\zulu-17\bin\java.dll
0x00007ff8869f0000 - 0x00007ff886ac7000 	C:\Program Files\Zulu\zulu-17\bin\jsvml.dll
0x00007ff8c15e0000 - 0x00007ff8c1d4e000 	C:\Windows\System32\SHELL32.dll
0x00007ff8bd520000 - 0x00007ff8bdcc3000 	C:\Windows\SYSTEM32\windows.storage.dll
0x00007ff8c1e50000 - 0x00007ff8c21a3000 	C:\Windows\System32\combase.dll
0x00007ff8bf2c0000 - 0x00007ff8bf2eb000 	C:\Windows\SYSTEM32\Wldp.dll
0x00007ff8c0910000 - 0x00007ff8c09dd000 	C:\Windows\System32\OLEAUT32.dll
0x00007ff8c1060000 - 0x00007ff8c110d000 	C:\Windows\System32\SHCORE.dll
0x00007ff8c1d50000 - 0x00007ff8c1da5000 	C:\Windows\System32\shlwapi.dll
0x00007ff8bf7c0000 - 0x00007ff8bf7e5000 	C:\Windows\SYSTEM32\profapi.dll
0x00007ff8ad6b0000 - 0x00007ff8ad6c8000 	C:\Program Files\Zulu\zulu-17\bin\zip.dll
0x00007ff8b8c80000 - 0x00007ff8b8c99000 	C:\Program Files\Zulu\zulu-17\bin\net.dll
0x00007ff8b4850000 - 0x00007ff8b495a000 	C:\Windows\SYSTEM32\WINHTTP.dll
0x00007ff8bf020000 - 0x00007ff8bf08c000 	C:\Windows\system32\mswsock.dll
0x00007ff8b8250000 - 0x00007ff8b8266000 	C:\Program Files\Zulu\zulu-17\bin\nio.dll
0x00007ff8b8d30000 - 0x00007ff8b8d4a000 	C:\Program Files\JetBrains\IntelliJ IDEA Community Edition 2024.2.0.1\bin\breakgen64.dll
0x00007ff8b9610000 - 0x00007ff8b9619000 	C:\Program Files\Zulu\zulu-17\bin\management.dll
0x00007ff8b8870000 - 0x00007ff8b887b000 	C:\Program Files\Zulu\zulu-17\bin\management_ext.dll
0x00007ff8b83e0000 - 0x00007ff8b83ed000 	C:\Program Files\Zulu\zulu-17\bin\sunmscapi.dll
0x00007ff8bfd40000 - 0x00007ff8bfe9d000 	C:\Windows\System32\CRYPT32.dll
0x00007ff8bf330000 - 0x00007ff8bf357000 	C:\Windows\SYSTEM32\ncrypt.dll
0x00007ff8bf2f0000 - 0x00007ff8bf32b000 	C:\Windows\SYSTEM32\NTASN1.dll
0x00007ff8bf220000 - 0x00007ff8bf238000 	C:\Windows\SYSTEM32\CRYPTSP.dll
0x00007ff8be8d0000 - 0x00007ff8be908000 	C:\Windows\system32\rsaenh.dll
0x00007ff8bf780000 - 0x00007ff8bf7ae000 	C:\Windows\SYSTEM32\USERENV.dll
0x00007ff8bf210000 - 0x00007ff8bf21c000 	C:\Windows\SYSTEM32\CRYPTBASE.dll
0x00007ff8becb0000 - 0x00007ff8beceb000 	C:\Windows\SYSTEM32\IPHLPAPI.DLL
0x00007ff8c1030000 - 0x00007ff8c1038000 	C:\Windows\System32\NSI.dll
0x00007ff8b6d40000 - 0x00007ff8b6d57000 	C:\Windows\SYSTEM32\dhcpcsvc6.DLL
0x00007ff8b6e90000 - 0x00007ff8b6ead000 	C:\Windows\SYSTEM32\dhcpcsvc.DLL
0x00007ff8becf0000 - 0x00007ff8bedba000 	C:\Windows\SYSTEM32\DNSAPI.dll
0x00007ff8b95e0000 - 0x00007ff8b95f0000 	C:\Program Files\Zulu\zulu-17\bin\verify.dll
0x00007ff8b84a0000 - 0x00007ff8b84aa000 	C:\Windows\System32\rasadhlp.dll
0x00007ff8af4f0000 - 0x00007ff8af570000 	C:\Windows\System32\fwpuclnt.dll
0x00007ff887000000 - 0x00007ff887007000 	C:\Windows\system32\wshunix.dll

dbghelp: loaded successfully - version: 4.0.5 - missing functions: none
symbol engine: initialized successfully - sym options: 0x614 - pdb path: .;C:\Program Files\Zulu\zulu-17\bin;C:\Windows\SYSTEM32;C:\Windows\WinSxS\amd64_microsoft.windows.common-controls_6595b64144ccf1df_6.0.19041.5794_none_60bcd33171f2783c;C:\Program Files\Zulu\zulu-17\bin\server;C:\Program Files\JetBrains\IntelliJ IDEA Community Edition 2024.2.0.1\bin

VM Arguments:
jvm_args: -javaagent:C:\Program Files\JetBrains\IntelliJ IDEA Community Edition 2024.2.0.1\lib\idea_rt.jar=54502:C:\Program Files\JetBrains\IntelliJ IDEA Community Edition 2024.2.0.1\bin -Dfile.encoding=UTF-8 
java_command: com.ankur.OnlineShoppingApp.OnlineShoppingAppApplication
java_class_path (initial): C:\Users\Ankur Sangwan\IdeaProjects\SpringBootProject\OnlineShoppingApp\target\classes;C:\Users\Ankur Sangwan\.m2\repository\org\springframework\boot\spring-boot-starter-data-jpa\3.4.5\spring-boot-starter-data-jpa-3.4.5.jar;C:\Users\Ankur Sangwan\.m2\repository\org\springframework\boot\spring-boot-starter\3.4.5\spring-boot-starter-3.4.5.jar;C:\Users\Ankur Sangwan\.m2\repository\org\springframework\boot\spring-boot-starter-logging\3.4.5\spring-boot-starter-logging-3.4.5.jar;C:\Users\Ankur Sangwan\.m2\repository\ch\qos\logback\logback-classic\1.5.18\logback-classic-1.5.18.jar;C:\Users\Ankur Sangwan\.m2\repository\ch\qos\logback\logback-core\1.5.18\logback-core-1.5.18.jar;C:\Users\Ankur Sangwan\.m2\repository\org\apache\logging\log4j\log4j-to-slf4j\2.24.3\log4j-to-slf4j-2.24.3.jar;C:\Users\Ankur Sangwan\.m2\repository\org\apache\logging\log4j\log4j-api\2.24.3\log4j-api-2.24.3.jar;C:\Users\Ankur Sangwan\.m2\repository\org\slf4j\jul-to-slf4j\2.0.17\jul-to-slf4j-2.0.17.jar;C:\Users\Ankur Sangwan\.m2\repository\jakarta\annotation\jakarta.annotation-api\2.1.1\jakarta.annotation-api-2.1.1.jar;C:\Users\Ankur Sangwan\.m2\repository\org\yaml\snakeyaml\2.3\snakeyaml-2.3.jar;C:\Users\Ankur Sangwan\.m2\repository\org\springframework\boot\spring-boot-starter-jdbc\3.4.5\spring-boot-starter-jdbc-3.4.5.jar;C:\Users\Ankur Sangwan\.m2\repository\com\zaxxer\HikariCP\5.1.0\HikariCP-5.1.0.jar;C:\Users\Ankur Sangwan\.m2\repository\org\springframework\spring-jdbc\6.2.6\spring-jdbc-6.2.6.jar;C:\Users\Ankur Sangwan\.m2\repository\org\hibernate\orm\hibernate-core\6.6.13.Final\hibernate-core-6.6.13.Final.jar;C:\Users\Ankur Sangwan\.m2\repository\jakarta\persistence\jakarta.persistence-api\3.1.0\jakarta.persistence-api-3.1.0.jar;C:\Users\Ankur Sangwan\.m2\repository\jakarta\transaction\jakarta.transaction-api\2.0.1\jakarta.transaction-api-2.0.1.jar;C:\Users\Ankur Sangwan\.m2\repository\org\jboss\logging\jboss-logging\3.6.1.Final\jboss-logging-3.6.1.Final.jar;C:\Users\
Launcher Type: SUN_STANDARD

[Global flags]
     intx CICompilerCount                          = 3                                         {product} {ergonomic}
     uint ConcGCThreads                            = 1                                         {product} {ergonomic}
     uint G1ConcRefinementThreads                  = 4                                         {product} {ergonomic}
   size_t G1HeapRegionSize                         = 2097152                                   {product} {ergonomic}
    uintx GCDrainStackTargetSize                   = 64                                        {product} {ergonomic}
   size_t InitialHeapSize                          = 199229440                                 {product} {ergonomic}
   size_t MarkStackSize                            = 4194304                                   {product} {ergonomic}
   size_t MaxHeapSize                              = 3187671040                                {product} {ergonomic}
   size_t MaxNewSize                               = 1912602624                                {product} {ergonomic}
   size_t MinHeapDeltaBytes                        = 2097152                                   {product} {ergonomic}
   size_t MinHeapSize                              = 8388608                                   {product} {ergonomic}
    uintx NonNMethodCodeHeapSize                   = 5832780                                {pd product} {ergonomic}
    uintx NonProfiledCodeHeapSize                  = 122912730                              {pd product} {ergonomic}
    uintx ProfiledCodeHeapSize                     = 122912730                              {pd product} {ergonomic}
    uintx ReservedCodeCacheSize                    = 251658240                              {pd product} {ergonomic}
     bool SegmentedCodeCache                       = true                                      {product} {ergonomic}
   size_t SoftMaxHeapSize                          = 3187671040                             {manageable} {ergonomic}
     bool UseCompressedClassPointers               = true                           {product lp64_product} {ergonomic}
     bool UseCompressedOops                        = true                           {product lp64_product} {ergonomic}
     bool UseG1GC                                  = true                                      {product} {ergonomic}
     bool UseLargePagesIndividualAllocation        = false                                  {pd product} {ergonomic}

Logging:
Log output configuration:
 #0: stdout all=warning uptime,level,tags
 #1: stderr all=off uptime,level,tags

Environment Variables:
PATH=C:\Program Files\Zulu\zulu-17\bin\;C:\Windows\system32;C:\Windows;C:\Windows\System32\Wbem;C:\Windows\System32\WindowsPowerShell\v1.0\;C:\Windows\System32\OpenSSH\;C:\Program Files\dotnet\;C:\Program Files\Git\cmd;C:\Program Files\nodejs\;C:\ProgramData\chocolatey\bin;C:\Users\Ankur Sangwan\AppData\Local\Programs\Python\Python313\Scripts\;C:\Users\Ankur Sangwan\AppData\Local\Programs\Python\Python313\;C:\Users\Ankur Sangwan\AppData\Local\Microsoft\WindowsApps;;C:\Program Files\JetBrains\IntelliJ IDEA 2022.2\bin;;C:\Users\Ankur Sangwan\AppData\Local\Programs\Microsoft VS Code\bin;C:\Program Files\JetBrains\PyCharm 2022.2.1\bin;;C:\Program Files\JetBrains\IntelliJ IDEA Community Edition 2024.2.0.1\bin;;C:\Program Files\JetBrains\PyCharm Community Edition 2024.3.1.1\bin;;C:\Users\Ankur Sangwan\AppData\Roaming\npm
USERNAME=Ankur Sangwan
OS=Windows_NT
PROCESSOR_IDENTIFIER=Intel64 Family 6 Model 142 Stepping 9, GenuineIntel
TMP=C:\Users\ANKURS~1\AppData\Local\Temp
TEMP=C:\Users\ANKURS~1\AppData\Local\Temp



---------------  S Y S T E M  ---------------

OS:
 Windows 10 , 64 bit Build 19041 (10.0.19041.5794)
OS uptime: 5 days 9:35 hours

CPU: total 4 (initial active 4) (2 cores per cpu, 2 threads per core) family 6 model 142 stepping 9 microcode 0xec, cx8, cmov, fxsr, ht, mmx, 3dnowpref, sse, sse2, sse3, ssse3, sse4.1, sse4.2, popcnt, lzcnt, tsc, tscinvbit, avx, avx2, aes, erms, clmul, bmi1, bmi2, adx, fma, vzeroupper, clflush, clflushopt

Memory: 4k page, system-wide physical 12157M (1486M free)
TotalPageFile size 25129M (AvailPageFile size 3818M)
current process WorkingSet (physical memory assigned to process): 293M, peak: 295M
current process commit charge ("private bytes"): 321M, peak: 330M

vm_info: OpenJDK 64-Bit Server VM (17.0.4+8-LTS) for windows-amd64 JRE (17.0.4+8-LTS) (Zulu17.36+13-CA), built on Jul 12 2022 16:23:21 by "zulu_re" with MS VC++ 16.10 / 16.11 (VS2019)

END.
